[handleMsg]:  {
  key: {
    remoteJid: '5493794280780@s.whatsapp.net',
    fromMe: false,
    id: '6C82B1F593E2DB3A8631380964C8D217',
    participant: undefined
  },
  messageTimestamp: 1722959319,
  pushName: 'Betiana Retamozo',
  broadcast: false,
  message: Message {
    conversation: 'Rcrs',
    messageContextInfo: MessageContextInfo {
      deviceListMetadata: [DeviceListMetadata],
      deviceListMetadataVersion: 2
    }
  },
  body: 'Rcrs',
  from: '5493794280780'
}
[QUEUE_SE_ENVIO]:  {
  ref: 'ans_f96bc0ef-7f93-489c-9879-44bf33aa8c69',
  keyword: 'key_f748fb44-119a-4ca3-83b4-d6434ef036ce',
  answer: '🦇 Hola y bienvenid@ a Tesorería Resis Sur',
  options: {
    media: null,
    buttons: [],
    capture: false,
    child: null,
    delay: 0,
    idle: null,
    ref: null,
    nested: [],
    keyword: {},
    callback: false
  },
  refSerialize: '7f36a61c5543467acc8fe869e6dd97c1'
}
[QUEUE_SE_ENVIO]:  {
  ref: 'ans_64c76241-6c18-491c-a0d3-8770a18e8794',
  keyword: 'ans_f96bc0ef-7f93-489c-9879-44bf33aa8c69',
  answer: 'Para ver el detalle de tu cuota, por favor ingresá tu N° de DNI (Sin puntos):',
  options: {
    media: null,
    buttons: [],
    capture: true,
    child: null,
    delay: 0,
    idle: null,
    ref: null,
    nested: [],
    keyword: {},
    callback: true
  },
  refSerialize: '4a3dc445e79b8195fd587ea709117b64'
}
[handleMsg]:  {
  key: {
    remoteJid: '5493794280780@s.whatsapp.net',
    fromMe: false,
    id: '394E386707265076BF9ABF291547DB99',
    participant: undefined
  },
  messageTimestamp: 1722959327,
  pushName: 'Betiana Retamozo',
  broadcast: false,
  message: Message {
    conversation: '37469798',
    messageContextInfo: MessageContextInfo {
      deviceListMetadata: [DeviceListMetadata],
      deviceListMetadataVersion: 2
    }
  },
  body: '37469798',
  from: '5493794280780'
}
